#
# There is insufficient memory for the Java Runtime Environment to continue.
# Native memory allocation (mmap) failed to map 268435456 bytes for Failed to commit area from 0x0000000700a00000 to 0x0000000710a00000 of length 268435456.
# Possible reasons:
#   The system is out of physical RAM or swap space
#   The process is running with CompressedOops enabled, and the Java Heap may be blocking the growth of the native heap
# Possible solutions:
#   Reduce memory load on the system
#   Increase physical memory or swap space
#   Check if swap backing store is full
#   Decrease Java heap size (-Xmx/-Xms)
#   Decrease number of Java threads
#   Decrease Java thread stack sizes (-Xss)
#   Set larger code cache with -XX:ReservedCodeCacheSize=
# This output file may be truncated or incomplete.
#
#  Out of Memory Error (t:/workspace/open/src/hotspot/os/windows/os_windows.cpp:3269), pid=10948, tid=13936
#
# JRE version:  (11.0.2+9) (build )
# Java VM: Java HotSpot(TM) 64-Bit Server VM (11.0.2+9-LTS, mixed mode, aot, sharing, tiered, compressed oops, g1 gc, windows-amd64)
# No core dump will be written. Minidumps are not enabled by default on client versions of Windows
#

---------------  S U M M A R Y ------------

Command Line: -Dcom.sun.management.jmxremote -Dcom.sun.management.jmxremote.port=52654 -Dcom.sun.management.jmxremote.authenticate=false -Dcom.sun.management.jmxremote.ssl=false -Djava.rmi.server.hostname=localhost -Dspring.jmx.enabled=true -Dspring.application.admin.enabled=true -Xverify:none -XX:TieredStopAtLevel=1 -Dfile.encoding=UTF-8 com.josear33.spring.spark.SparkWordCountApplication

Host: Intel(R) Core(TM) i7-3770K CPU @ 3.50GHz, 8 cores, 15G,  Windows 10 , 64 bit Build 17134 (10.0.17134.706)
Time: Sun Apr 14 19:54:54 2019 Hora de verano romance elapsed time: 0 seconds (0d 0h 0m 0s)

---------------  T H R E A D  ---------------

Current thread (0x000001c12577c800):  JavaThread "Unknown thread" [_thread_in_vm, id=13936, stack(0x0000005e6b100000,0x0000005e6b200000)]

Stack: [0x0000005e6b100000,0x0000005e6b200000]
Native frames: (J=compiled Java code, j=interpreted, Vv=VM code, C=native code)
V  [jvm.dll+0x63574a]
V  [jvm.dll+0x77326f]
V  [jvm.dll+0x77491a]
V  [jvm.dll+0x774fd3]
V  [jvm.dll+0x25e418]
V  [jvm.dll+0x632c0a]
V  [jvm.dll+0x627645]
V  [jvm.dll+0x314e7c]
V  [jvm.dll+0x314d02]
V  [jvm.dll+0x31a576]
V  [jvm.dll+0x36635f]
V  [jvm.dll+0x365d80]
V  [jvm.dll+0x2f19f8]
V  [jvm.dll+0x2f2b56]
V  [jvm.dll+0x74c817]
V  [jvm.dll+0x74df5f]
V  [jvm.dll+0x373179]
V  [jvm.dll+0x732eb9]
V  [jvm.dll+0x3e295d]
V  [jvm.dll+0x3e4c61]
C  [javaw.exe+0x3617]
C  [javaw.exe+0x17e2c]
C  [KERNEL32.DLL+0x14034]
C  [ntdll.dll+0x73691]


---------------  P R O C E S S  ---------------

Threads class SMR info:
_java_thread_list=0x000001c1236d81e0, length=0, elements={
}

Java Threads: ( => current thread )

Other Threads:
  0x000001c125790800 GCTaskThread "GC Thread#0" [stack: 0x0000005e6b200000,0x0000005e6b300000] [id=12512]
  0x000001c1257f0000 ConcurrentGCThread "G1 Main Marker" [stack: 0x0000005e6b300000,0x0000005e6b400000] [id=9908]
  0x000001c1257f6800 ConcurrentGCThread "G1 Conc#0" [stack: 0x0000005e6b400000,0x0000005e6b500000] [id=12824]

[error occurred during error reporting (printing all threads), id 0xc0000005, EXCEPTION_ACCESS_VIOLATION (0xc0000005) at pc=0x00007ffbc7270197]

VM state:not at safepoint (not fully initialized)

VM Mutex/Monitor currently owned by a thread:  ([mutex/lock_event])
[0x000001c12577b950] Heap_lock - owner thread: 0x000001c12577c800

Heap address: 0x0000000700a00000, size: 4086 MB, Compressed Oops mode: Non-zero based: 0x0000000700a00000
Narrow klass base: 0x0000000000000000, Narrow klass shift: 0

GC Heap History (0 events):
No events

Deoptimization events (0 events):
No events

Classes redefined (0 events):
No events

Internal exceptions (0 events):
No events

Events (0 events):
No events


Dynamic libraries:
0x00007ff76d5a0000 - 0x00007ff76d5e7000 	C:\Program Files\Java\jdk-11.0.2\bin\javaw.exe
0x00007ffbfe7e0000 - 0x00007ffbfe9c1000 	C:\WINDOWS\SYSTEM32\ntdll.dll
0x00007ffbfdcf0000 - 0x00007ffbfdda1000 	C:\WINDOWS\System32\KERNEL32.DLL
0x00007ffbfad50000 - 0x00007ffbfafc3000 	C:\WINDOWS\System32\KERNELBASE.dll
0x00007ffbfc080000 - 0x00007ffbfc121000 	C:\WINDOWS\System32\ADVAPI32.dll
0x00007ffbfddb0000 - 0x00007ffbfde4e000 	C:\WINDOWS\System32\msvcrt.dll
0x00007ffbfde50000 - 0x00007ffbfdeab000 	C:\WINDOWS\System32\sechost.dll
0x00007ffbfc130000 - 0x00007ffbfc254000 	C:\WINDOWS\System32\RPCRT4.dll
0x00007ffbfc320000 - 0x00007ffbfc4b0000 	C:\WINDOWS\System32\USER32.dll
0x00007ffbfb150000 - 0x00007ffbfb170000 	C:\WINDOWS\System32\win32u.dll
0x00007ffbfe530000 - 0x00007ffbfe558000 	C:\WINDOWS\System32\GDI32.dll
0x00007ffbfabb0000 - 0x00007ffbfad42000 	C:\WINDOWS\System32\gdi32full.dll
0x00007ffbfb170000 - 0x00007ffbfb20f000 	C:\WINDOWS\System32\msvcp_win.dll
0x00007ffbfafd0000 - 0x00007ffbfb0c8000 	C:\WINDOWS\System32\ucrtbase.dll
0x00007ffbee740000 - 0x00007ffbee9a9000 	C:\WINDOWS\WinSxS\amd64_microsoft.windows.common-controls_6595b64144ccf1df_6.0.17134.706_none_fb43a2cb30647007\COMCTL32.dll
0x00007ffbf5a80000 - 0x00007ffbf5a8a000 	C:\WINDOWS\SYSTEM32\VERSION.dll
0x00007ffbfc4e0000 - 0x00007ffbfc802000 	C:\WINDOWS\System32\combase.dll
0x00007ffbfb0d0000 - 0x00007ffbfb14a000 	C:\WINDOWS\System32\bcryptPrimitives.dll
0x00007ffbfc4b0000 - 0x00007ffbfc4dd000 	C:\WINDOWS\System32\IMM32.DLL
0x00007ffbf36b0000 - 0x00007ffbf36c6000 	C:\Program Files\Java\jdk-11.0.2\bin\vcruntime140.dll
0x00007ffbf33d0000 - 0x00007ffbf347a000 	C:\Program Files\Java\jdk-11.0.2\bin\msvcp140.dll
0x00007ffbc6f70000 - 0x00007ffbc7a97000 	C:\Program Files\Java\jdk-11.0.2\bin\server\jvm.dll
0x00007ffbfdce0000 - 0x00007ffbfdce8000 	C:\WINDOWS\System32\PSAPI.DLL
0x00007ffbec680000 - 0x00007ffbec689000 	C:\WINDOWS\SYSTEM32\WSOCK32.dll
0x00007ffbf8840000 - 0x00007ffbf8863000 	C:\WINDOWS\SYSTEM32\WINMM.dll
0x00007ffbfdeb0000 - 0x00007ffbfdf1c000 	C:\WINDOWS\System32\WS2_32.dll
0x00007ffbf8810000 - 0x00007ffbf883a000 	C:\WINDOWS\SYSTEM32\winmmbase.dll
0x00007ffbfb210000 - 0x00007ffbfb259000 	C:\WINDOWS\System32\cfgmgr32.dll
0x00007ffbfab90000 - 0x00007ffbfaba1000 	C:\WINDOWS\System32\kernel.appcore.dll
0x00007ffbc6f50000 - 0x00007ffbc6f61000 	C:\Program Files\Java\jdk-11.0.2\bin\verify.dll
0x00007ffbf2a00000 - 0x00007ffbf2bc9000 	C:\WINDOWS\SYSTEM32\DBGHELP.DLL
0x00007ffbefa80000 - 0x00007ffbefaa9000 	C:\WINDOWS\SYSTEM32\dbgcore.DLL
0x00007ffbc6f20000 - 0x00007ffbc6f49000 	C:\Program Files\Java\jdk-11.0.2\bin\java.dll
0x00007ffbc6f00000 - 0x00007ffbc6f16000 	C:\Program Files\Java\jdk-11.0.2\bin\zip.dll
0x00007ffbc6ef0000 - 0x00007ffbc6efa000 	C:\Program Files\Java\jdk-11.0.2\bin\jimage.dll

dbghelp: loaded successfully - version: 4.0.5 - missing functions: none
symbol engine: initialized successfully - sym options: 0x614 - pdb path: .;C:\Program Files\Java\jdk-11.0.2\bin;C:\WINDOWS\SYSTEM32;C:\WINDOWS\WinSxS\amd64_microsoft.windows.common-controls_6595b64144ccf1df_6.0.17134.706_none_fb43a2cb30647007;C:\Program Files\Java\jdk-11.0.2\bin\server

VM Arguments:
jvm_args: -Dcom.sun.management.jmxremote -Dcom.sun.management.jmxremote.port=52654 -Dcom.sun.management.jmxremote.authenticate=false -Dcom.sun.management.jmxremote.ssl=false -Djava.rmi.server.hostname=localhost -Dspring.jmx.enabled=true -Dspring.application.admin.enabled=true -Xverify:none -XX:TieredStopAtLevel=1 -Dfile.encoding=UTF-8 
java_command: com.josear33.spring.spark.SparkWordCountApplication
java_class_path (initial): D:\Proyectos\workspace\spark-word-count\target\classes;C:\Users\jarod\.m2\repository\org\springframework\boot\spring-boot-starter-actuator\2.1.4.RELEASE\spring-boot-starter-actuator-2.1.4.RELEASE.jar;C:\Users\jarod\.m2\repository\org\springframework\boot\spring-boot-starter\2.1.4.RELEASE\spring-boot-starter-2.1.4.RELEASE.jar;C:\Users\jarod\.m2\repository\org\springframework\boot\spring-boot\2.1.4.RELEASE\spring-boot-2.1.4.RELEASE.jar;C:\Users\jarod\.m2\repository\org\springframework\boot\spring-boot-autoconfigure\2.1.4.RELEASE\spring-boot-autoconfigure-2.1.4.RELEASE.jar;C:\Users\jarod\.m2\repository\org\springframework\boot\spring-boot-starter-logging\2.1.4.RELEASE\spring-boot-starter-logging-2.1.4.RELEASE.jar;C:\Users\jarod\.m2\repository\ch\qos\logback\logback-classic\1.2.3\logback-classic-1.2.3.jar;C:\Users\jarod\.m2\repository\ch\qos\logback\logback-core\1.2.3\logback-core-1.2.3.jar;C:\Users\jarod\.m2\repository\org\apache\logging\log4j\log4j-to-slf4j\2.11.2\log4j-to-slf4j-2.11.2.jar;C:\Users\jarod\.m2\repository\org\apache\logging\log4j\log4j-api\2.11.2\log4j-api-2.11.2.jar;C:\Users\jarod\.m2\repository\javax\annotation\javax.annotation-api\1.3.2\javax.annotation-api-1.3.2.jar;C:\Users\jarod\.m2\repository\org\yaml\snakeyaml\1.23\snakeyaml-1.23.jar;C:\Users\jarod\.m2\repository\org\springframework\boot\spring-boot-actuator-autoconfigure\2.1.4.RELEASE\spring-boot-actuator-autoconfigure-2.1.4.RELEASE.jar;C:\Users\jarod\.m2\repository\org\springframework\boot\spring-boot-actuator\2.1.4.RELEASE\spring-boot-actuator-2.1.4.RELEASE.jar;C:\Users\jarod\.m2\repository\org\springframework\spring-context\5.1.6.RELEASE\spring-context-5.1.6.RELEASE.jar;C:\Users\jarod\.m2\repository\com\fasterxml\jackson\datatype\jackson-datatype-jsr310\2.9.8\jackson-datatype-jsr310-2.9.8.jar;C:\Users\jarod\.m2\repository\io\micrometer\micrometer-core\1.1.4\micrometer-core-1.1.4.jar;C:\Users\jarod\.m2\repository\org\hdrhistogram\HdrHistogram\2.1.9\HdrHistogram-2.1
Launcher Type: SUN_STANDARD

[Global flags]
     bool BytecodeVerificationLocal                = false                                     {product} {command line}
     bool BytecodeVerificationRemote               = false                                     {product} {command line}
     intx CICompilerCount                          = 4                                         {product} {ergonomic}
     uint ConcGCThreads                            = 2                                         {product} {ergonomic}
     uint G1ConcRefinementThreads                  = 8                                         {product} {ergonomic}
   size_t G1HeapRegionSize                         = 1048576                                   {product} {ergonomic}
    uintx GCDrainStackTargetSize                   = 64                                        {product} {ergonomic}
   size_t InitialHeapSize                          = 268435456                                 {product} {ergonomic}
     bool ManagementServer                         = true                                      {product} {command line}
   size_t MarkStackSize                            = 4194304                                   {product} {ergonomic}
   size_t MaxHeapSize                              = 4284481536                                {product} {ergonomic}
   size_t MinHeapDeltaBytes                        = 1048576                                   {product} {ergonomic}
    uintx NonNMethodCodeHeapSize                   = 7549744                                {pd product} {ergonomic}
    uintx NonProfiledCodeHeapSize                  = 244108496                              {pd product} {ergonomic}
    uintx ProfiledCodeHeapSize                     = 0                                      {pd product} {ergonomic}
    uintx ReservedCodeCacheSize                    = 251658240                              {pd product} {ergonomic}
     bool SegmentedCodeCache                       = true                                      {product} {ergonomic}
     intx TieredStopAtLevel                        = 1                                         {product} {command line}
     bool UseCompressedClassPointers               = true                                 {lp64_product} {ergonomic}
     bool UseCompressedOops                        = true                                 {lp64_product} {ergonomic}
     bool UseG1GC                                  = true                                      {product} {ergonomic}
     bool UseLargePagesIndividualAllocation        = false                                  {pd product} {ergonomic}

Logging:
Log output configuration:
 #0: stdout all=warning uptime,level,tags
 #1: stderr all=off uptime,level,tags

Environment Variables:
PATH=C:/Program Files/Java/jdk-11.0.2/bin/server;C:/Program Files/Java/jdk-11.0.2/bin;c:\windows\system32;c:\windows;c:\windows\system32\wbem;c:\windows\system32\windowspowershell\v1.0\;%systemroot%\system32;%systemroot%;%systemroot%\system32\wbem;%systemroot%\system32\windowspowershell\v1.0\;%systemroot%\system32;%systemroot%;%systemroot%\system32\wbem;%systemroot%\system32\windowspowershell\v1.0\;%systemroot%\system32\openssh\;c:\program files\nvidia corporation\nvidia nvdlisr;C:\Program Files (x86)\NVIDIA Corporation\PhysX\Common;C:\Users\jarod\AppData\Local\Microsoft\WindowsApps;;C:\Users\jarod\Desktop;
USERNAME=jarod
OS=Windows_NT
PROCESSOR_IDENTIFIER=Intel64 Family 6 Model 58 Stepping 9, GenuineIntel



---------------  S Y S T E M  ---------------

OS: Windows 10 , 64 bit Build 17134 (10.0.17134.706)

CPU:total 8 (initial active 8) (4 cores per cpu, 2 threads per core) family 6 model 58 stepping 9, cmov, cx8, fxsr, mmx, sse, sse2, sse3, ssse3, sse4.1, sse4.2, popcnt, avx, aes, clmul, erms, ht, tsc, tscinvbit, tscinv

Memory: 4k page, system-wide physical 16340M (2285M free)
TotalPageFile size 16340M (AvailPageFile size 143M)
current process WorkingSet (physical memory assigned to process): 10M, peak: 10M
current process commit charge ("private bytes"): 58M, peak: 314M

vm_info: Java HotSpot(TM) 64-Bit Server VM (11.0.2+9-LTS) for windows-amd64 JRE (11.0.2+9-LTS), built on Jan 18 2019 05:24:10 by "mach5one" with MS VC++ 15.5 (VS2017)

END.
